<?xml version="1.0" encoding="utf-8"?><testsuites name="pytest tests"><testsuite name="pytest" errors="0" failures="0" skipped="0" tests="8" time="2.379" timestamp="2026-04-30T20:34:01.401942+00:00" hostname="agent-env-7bf180b2-efa7-468a-b9fc-2d11ad7beb18"><testcase classname="backend.tests.test_waitlist" name="test_root_returns_message" time="0.177" /><testcase classname="backend.tests.test_waitlist" name="test_waitlist_count_returns_int" time="0.715" /><testcase classname="backend.tests.test_waitlist" name="test_waitlist_post_valid_persists" time="1.085" /><testcase classname="backend.tests.test_waitlist" name="test_waitlist_invalid_email_422" time="0.054" /><testcase classname="backend.tests.test_waitlist" name="test_waitlist_missing_fields_422" time="0.055" /><testcase classname="backend.tests.test_waitlist" name="test_waitlist_grad_year_out_of_range_422[2023]" time="0.057" /><testcase classname="backend.tests.test_waitlist" name="test_waitlist_grad_year_out_of_range_422[2036]" time="0.053" /><testcase classname="backend.tests.test_waitlist" name="test_waitlist_grad_year_out_of_range_422[1999]" time="0.057" /></testsuite></testsuites>